<?xml version="1.0" encoding="UTF-8"?>
<!-- Generated by org.testng.reporters.JUnitXMLReporter -->
<testsuite ignored="0" hostname="JCI-MH68" failures="2" tests="73" name="Default test" time="2215.215" errors="0" timestamp="2023-07-07T16:22:29 IST">
  <testcase classname="com.csm.qa.test2.LoginPageTest" name="Test1" time="45.944"/>
  <testcase classname="com.csm.qa.test2.LoginPageTest" name="Test2" time="19.361"/>
  <testcase classname="com.csm.qa.test2.LoginPageTest" name="Test3" time="16.462"/>
  <testcase classname="com.csm.qa.test2.LoginPageTest" name="Test4" time="16.416"/>
  <testcase classname="com.csm.qa.test2.LoginPageTest" name="Test5" time="16.42"/>
  <testcase classname="com.csm.qa.test2.LoginPageTest" name="Test" time="16.408"/>
  <testcase classname="com.csm.qa.test2.LoginPageTest" name="Test7" time="16.406"/>
  <testcase classname="com.csm.qa.test2.LoginPageTest" name="Test8" time="16.417"/>
  <testcase classname="com.csm.qa.test2.LoginPageTest" name="Test9" time="16.369"/>
  <testcase classname="com.csm.qa.test2.LoginPageTest" name="Test10" time="16.401"/>
  <testcase classname="com.csm.qa.test2.LoginPageTest" name="Test11" time="16.434"/>
  <testcase classname="com.csm.qa.test2.LoginPageTest" name="Test12" time="16.422"/>
  <testcase classname="com.csm.qa.test2.LoginPageTest" name="Test13" time="16.443"/>
  <testcase classname="com.csm.qa.test2.LoginPageTest" name="Test14" time="16.394"/>
  <testcase classname="com.csm.qa.test2.LoginPageTest" name="Test15" time="16.434"/>
  <testcase classname="com.csm.qa.test2.LoginPageTest" name="Test16" time="16.374"/>
  <testcase classname="com.csm.qa.test2.LoginPageTest" name="Test17" time="16.455"/>
  <testcase classname="com.csm.qa.test2.LoginPageTest" name="Test18" time="16.379"/>
  <testcase classname="com.csm.qa.test2.LoginPageTest" name="Test19" time="16.399"/>
  <testcase classname="com.csm.qa.test2.LoginPageTest" name="Test20" time="16.4"/>
  <testcase classname="com.csm.qa.test2.LoginPageTest" name="Test21" time="16.423"/>
  <testcase classname="com.csm.qa.test2.LoginPageTest" name="Test22" time="16.401"/>
  <testcase classname="com.csm.qa.test2.LoginPageTest" name="Test23" time="16.427"/>
  <testcase classname="com.csm.qa.test2.LoginPageTest" name="Test24" time="16.414"/>
  <testcase classname="com.csm.qa.test2.LoginPageTest" name="Test25" time="16.468"/>
  <testcase classname="com.csm.qa.test2.LoginPageTest" name="Test26" time="16.415"/>
  <testcase classname="com.csm.qa.test2.LoginPageTest" name="Test27" time="16.397"/>
  <testcase classname="com.csm.qa.test2.LoginPageTest" name="Test28" time="16.397"/>
  <testcase classname="com.csm.qa.test2.LoginPageTest" name="Test29" time="16.407"/>
  <testcase classname="com.csm.qa.test2.LoginPageTest" name="Test30" time="16.417"/>
  <testcase classname="com.csm.qa.test2.LoginPageTest" name="Test31" time="16.415"/>
  <testcase classname="com.csm.qa.test2.LoginPageTest" name="Test32" time="16.384"/>
  <testcase classname="com.csm.qa.test2.LoginPageTest" name="Test33" time="16.399"/>
  <testcase classname="com.csm.qa.test2.LoginPageTest" name="Test34" time="16.453"/>
  <testcase classname="com.csm.qa.test2.LoginPageTest" name="Test35" time="16.421"/>
  <testcase classname="com.csm.qa.test2.LoginPageTest" name="Test36" time="18.521"/>
  <testcase classname="com.csm.qa.test2.LoginPageTest" name="Test37" time="21.54"/>
  <testcase classname="com.csm.qa.test2.LoginPageTest" name="Test38" time="16.417"/>
  <testcase classname="com.csm.qa.test2.LoginPageTest" name="Test39" time="20.459"/>
  <testcase classname="com.csm.qa.test2.LoginPageTest" name="Test40" time="24.613"/>
  <testcase classname="com.csm.qa.test2.LoginPageTest" name="Test41" time="36.185"/>
  <testcase classname="com.csm.qa.test2.LoginPageTest" name="Test42" time="31.737"/>
  <testcase classname="com.csm.qa.test2.LoginPageTest" name="Test43" time="9.328"/>
  <testcase classname="com.csm.qa.test.LoginPageTest" name="Test1" time="35.236">
    <failure type="org.openqa.selenium.NoSuchElementException" message="no such element: Unable to locate element: {&amp;quot;method&amp;quot;:&amp;quot;xpath&amp;quot;,&amp;quot;selector&amp;quot;:&amp;quot;/html/body/div[2]/div/div/div/div[1]/div/div[1]/div[2]/div/div&amp;quot;}
  (Session info: chrome=114.0.5735.199)
For documentation on this error, please visit: https://selenium.dev/exceptions/#no_such_element
Build info: version: &amp;apos;4.8.1&amp;apos;, revision: &amp;apos;8ebccac989&amp;apos;
System info: os.name: &amp;apos;Windows 10&amp;apos;, os.arch: &amp;apos;amd64&amp;apos;, os.version: &amp;apos;10.0&amp;apos;, java.version: &amp;apos;20&amp;apos;
Driver info: org.openqa.selenium.chrome.ChromeDriver
Command: [5ee4c6bb4b880ba05b43ba21bb29f0ec, findElement {using=xpath, value=/html/body/div[2]/div/div/div/div[1]/div/div[1]/div[2]/div/div}]
Capabilities {acceptInsecureCerts: false, browserName: chrome, browserVersion: 114.0.5735.199, chrome: {chromedriverVersion: 114.0.5735.90 (386bc09e8f4f..., userDataDir: C:\Users\106-3249\AppData\L...}, goog:chromeOptions: {debuggerAddress: localhost:65369}, networkConnectionEnabled: false, pageLoadStrategy: normal, platformName: WINDOWS, proxy: Proxy(), se:cdp: ws://localhost:65369/devtoo..., se:cdpVersion: 114.0.5735.199, setWindowRect: true, strictFileInteractability: false, timeouts: {implicit: 0, pageLoad: 300000, script: 30000}, unhandledPromptBehavior: dismiss and notify, webauthn:extension:credBlob: true, webauthn:extension:largeBlob: true, webauthn:extension:minPinLength: true, webauthn:extension:prf: true, webauthn:virtualAuthenticators: true}
Session ID: 5ee4c6bb4b880ba05b43ba21bb29f0ec">
      <![CDATA[org.openqa.selenium.NoSuchElementException: no such element: Unable to locate element: {"method":"xpath","selector":"/html/body/div[2]/div/div/div/div[1]/div/div[1]/div[2]/div/div"}
  (Session info: chrome=114.0.5735.199)
For documentation on this error, please visit: https://selenium.dev/exceptions/#no_such_element
Build info: version: '4.8.1', revision: '8ebccac989'
System info: os.name: 'Windows 10', os.arch: 'amd64', os.version: '10.0', java.version: '20'
Driver info: org.openqa.selenium.chrome.ChromeDriver
Command: [5ee4c6bb4b880ba05b43ba21bb29f0ec, findElement {using=xpath, value=/html/body/div[2]/div/div/div/div[1]/div/div[1]/div[2]/div/div}]
Capabilities {acceptInsecureCerts: false, browserName: chrome, browserVersion: 114.0.5735.199, chrome: {chromedriverVersion: 114.0.5735.90 (386bc09e8f4f..., userDataDir: C:\Users\106-3249\AppData\L...}, goog:chromeOptions: {debuggerAddress: localhost:65369}, networkConnectionEnabled: false, pageLoadStrategy: normal, platformName: WINDOWS, proxy: Proxy(), se:cdp: ws://localhost:65369/devtoo..., se:cdpVersion: 114.0.5735.199, setWindowRect: true, strictFileInteractability: false, timeouts: {implicit: 0, pageLoad: 300000, script: 30000}, unhandledPromptBehavior: dismiss and notify, webauthn:extension:credBlob: true, webauthn:extension:largeBlob: true, webauthn:extension:minPinLength: true, webauthn:extension:prf: true, webauthn:virtualAuthenticators: true}
Session ID: 5ee4c6bb4b880ba05b43ba21bb29f0ec
at java.base/jdk.internal.reflect.DirectConstructorHandleAccessor.newInstance(DirectConstructorHandleAccessor.java:67)
at java.base/java.lang.reflect.Constructor.newInstanceWithCaller(Constructor.java:500)
at java.base/java.lang.reflect.Constructor.newInstance(Constructor.java:484)
at org.openqa.selenium.remote.codec.w3c.W3CHttpResponseCodec.createException(W3CHttpResponseCodec.java:200)
at org.openqa.selenium.remote.codec.w3c.W3CHttpResponseCodec.decode(W3CHttpResponseCodec.java:133)
at org.openqa.selenium.remote.codec.w3c.W3CHttpResponseCodec.decode(W3CHttpResponseCodec.java:53)
at org.openqa.selenium.remote.HttpCommandExecutor.execute(HttpCommandExecutor.java:184)
at org.openqa.selenium.remote.service.DriverCommandExecutor.invokeExecute(DriverCommandExecutor.java:167)
at org.openqa.selenium.remote.service.DriverCommandExecutor.execute(DriverCommandExecutor.java:142)
at org.openqa.selenium.remote.RemoteWebDriver.execute(RemoteWebDriver.java:543)
at org.openqa.selenium.remote.ElementLocation$ElementFinder$2.findElement(ElementLocation.java:162)
at org.openqa.selenium.remote.ElementLocation.findElement(ElementLocation.java:60)
at org.openqa.selenium.remote.RemoteWebDriver.findElement(RemoteWebDriver.java:352)
at org.openqa.selenium.remote.RemoteWebDriver.findElement(RemoteWebDriver.java:344)
at com.csm.qa.test.LoginPageTest.Test1(LoginPageTest.java:241)
at java.base/jdk.internal.reflect.DirectMethodHandleAccessor.invoke(DirectMethodHandleAccessor.java:104)
at java.base/java.lang.reflect.Method.invoke(Method.java:578)
at org.testng.internal.MethodInvocationHelper.invokeMethod(MethodInvocationHelper.java:133)
at org.testng.internal.TestInvoker.invokeMethod(TestInvoker.java:598)
at org.testng.internal.TestInvoker.invokeTestMethod(TestInvoker.java:173)
at org.testng.internal.MethodRunner.runInSequence(MethodRunner.java:46)
at org.testng.internal.TestInvoker$MethodInvocationAgent.invoke(TestInvoker.java:824)
at org.testng.internal.TestInvoker.invokeTestMethods(TestInvoker.java:146)
at org.testng.internal.TestMethodWorker.invokeTestMethods(TestMethodWorker.java:146)
at org.testng.internal.TestMethodWorker.run(TestMethodWorker.java:128)
at java.base/java.util.ArrayList.forEach(ArrayList.java:1511)
at org.testng.TestRunner.privateRun(TestRunner.java:794)
at org.testng.TestRunner.run(TestRunner.java:596)
at org.testng.SuiteRunner.runTest(SuiteRunner.java:377)
at org.testng.SuiteRunner.runSequentially(SuiteRunner.java:371)
at org.testng.SuiteRunner.privateRun(SuiteRunner.java:332)
at org.testng.SuiteRunner.run(SuiteRunner.java:276)
at org.testng.SuiteRunnerWorker.runSuite(SuiteRunnerWorker.java:53)
at org.testng.SuiteRunnerWorker.run(SuiteRunnerWorker.java:96)
at org.testng.TestNG.runSuitesSequentially(TestNG.java:1212)
at org.testng.TestNG.runSuitesLocally(TestNG.java:1134)
at org.testng.TestNG.runSuites(TestNG.java:1063)
at org.testng.TestNG.run(TestNG.java:1031)
at org.testng.remote.AbstractRemoteTestNG.run(AbstractRemoteTestNG.java:115)
at org.testng.remote.RemoteTestNG.initAndRun(RemoteTestNG.java:251)
at org.testng.remote.RemoteTestNG.main(RemoteTestNG.java:77)
]]>
    </failure>
  </testcase> <!-- Test1 -->
  <testcase classname="com.csm.qa.test.LoginPageTest" name="Test2" time="19.997"/>
  <testcase classname="com.csm.qa.test.LoginPageTest" name="Test3" time="42.199"/>
  <testcase classname="com.csm.qa.test.LoginPageTest" name="Test4" time="6.958"/>
  <testcase classname="com.csm.qa.test.LoginPageTest" name="Test55" time="91.195"/>
  <testcase classname="com.csm.qa.test.LoginPageTest" name="Test6" time="57.321"/>
  <testcase classname="com.csm.qa.test.LoginPageTest" name="Test7" time="55.351"/>
  <testcase classname="com.csm.qa.test.LoginPageTest" name="Test88" time="70.267"/>
  <testcase classname="com.csm.qa.test.LoginPageTest" name="Test99" time="76.098"/>
  <testcase classname="com.csm.qa.test.LoginPageTest" name="Test100" time="91.795"/>
  <testcase classname="com.csm.qa.test.LoginPageTest" name="Test11" time="49.929"/>
  <testcase classname="com.csm.qa.test.LoginPageTest" name="Test12" time="51.002"/>
  <testcase classname="com.csm.qa.test.LoginPageTest" name="Test13" time="45.804"/>
  <testcase classname="com.csm.qa.test.LoginPageTest" name="Test14" time="45.957"/>
  <testcase classname="com.csm.qa.test.LoginPageTest" name="Test15" time="50.6"/>
  <testcase classname="com.csm.qa.test.LoginPageTest" name="Test16" time="48.281"/>
  <testcase classname="com.csm.qa.test.LoginPageTest" name="Test17" time="49.509"/>
  <testcase classname="com.csm.qa.test.LoginPageTest" name="Test18" time="45.626"/>
  <testcase classname="com.csm.qa.test.LoginPageTest" name="Test19" time="44.628"/>
  <testcase classname="com.csm.qa.test.LoginPageTest" name="Test20" time="18.381"/>
  <testcase classname="com.csm.qa.test.LoginPageTest" name="Test21" time="42.897"/>
  <testcase classname="com.csm.qa.test.LoginPageTest" name="Test22" time="43.042"/>
  <testcase classname="com.csm.qa.test.LoginPageTest" name="Test23" time="42.983"/>
  <testcase classname="com.csm.qa.test.LoginPageTest" name="Test24" time="43.022"/>
  <testcase classname="com.csm.qa.test.LoginPageTest" name="Test25" time="43.055"/>
  <testcase classname="com.csm.qa.test.LoginPageTest" name="Test26" time="43.17"/>
  <testcase classname="com.csm.qa.test.LoginPageTest" name="Test27" time="43.044"/>
  <testcase classname="com.csm.qa.test.LoginPageTest" name="Test28" time="0.588"/>
  <testcase classname="com.csm.qa.test.LoginPageTest" name="Test29" time="23.707">
    <failure type="org.openqa.selenium.NoSuchElementException" message="no such element: Unable to locate element: {&amp;quot;method&amp;quot;:&amp;quot;xpath&amp;quot;,&amp;quot;selector&amp;quot;:&amp;quot;/html/body/div[2]/div/div/div/div[1]/div/div[1]/div[2]/div/div&amp;quot;}
  (Session info: chrome=114.0.5735.199)
For documentation on this error, please visit: https://selenium.dev/exceptions/#no_such_element
Build info: version: &amp;apos;4.8.1&amp;apos;, revision: &amp;apos;8ebccac989&amp;apos;
System info: os.name: &amp;apos;Windows 10&amp;apos;, os.arch: &amp;apos;amd64&amp;apos;, os.version: &amp;apos;10.0&amp;apos;, java.version: &amp;apos;20&amp;apos;
Driver info: org.openqa.selenium.chrome.ChromeDriver
Command: [5ee4c6bb4b880ba05b43ba21bb29f0ec, findElement {using=xpath, value=/html/body/div[2]/div/div/div/div[1]/div/div[1]/div[2]/div/div}]
Capabilities {acceptInsecureCerts: false, browserName: chrome, browserVersion: 114.0.5735.199, chrome: {chromedriverVersion: 114.0.5735.90 (386bc09e8f4f..., userDataDir: C:\Users\106-3249\AppData\L...}, goog:chromeOptions: {debuggerAddress: localhost:65369}, networkConnectionEnabled: false, pageLoadStrategy: normal, platformName: WINDOWS, proxy: Proxy(), se:cdp: ws://localhost:65369/devtoo..., se:cdpVersion: 114.0.5735.199, setWindowRect: true, strictFileInteractability: false, timeouts: {implicit: 0, pageLoad: 300000, script: 30000}, unhandledPromptBehavior: dismiss and notify, webauthn:extension:credBlob: true, webauthn:extension:largeBlob: true, webauthn:extension:minPinLength: true, webauthn:extension:prf: true, webauthn:virtualAuthenticators: true}
Session ID: 5ee4c6bb4b880ba05b43ba21bb29f0ec">
      <![CDATA[org.openqa.selenium.NoSuchElementException: no such element: Unable to locate element: {"method":"xpath","selector":"/html/body/div[2]/div/div/div/div[1]/div/div[1]/div[2]/div/div"}
  (Session info: chrome=114.0.5735.199)
For documentation on this error, please visit: https://selenium.dev/exceptions/#no_such_element
Build info: version: '4.8.1', revision: '8ebccac989'
System info: os.name: 'Windows 10', os.arch: 'amd64', os.version: '10.0', java.version: '20'
Driver info: org.openqa.selenium.chrome.ChromeDriver
Command: [5ee4c6bb4b880ba05b43ba21bb29f0ec, findElement {using=xpath, value=/html/body/div[2]/div/div/div/div[1]/div/div[1]/div[2]/div/div}]
Capabilities {acceptInsecureCerts: false, browserName: chrome, browserVersion: 114.0.5735.199, chrome: {chromedriverVersion: 114.0.5735.90 (386bc09e8f4f..., userDataDir: C:\Users\106-3249\AppData\L...}, goog:chromeOptions: {debuggerAddress: localhost:65369}, networkConnectionEnabled: false, pageLoadStrategy: normal, platformName: WINDOWS, proxy: Proxy(), se:cdp: ws://localhost:65369/devtoo..., se:cdpVersion: 114.0.5735.199, setWindowRect: true, strictFileInteractability: false, timeouts: {implicit: 0, pageLoad: 300000, script: 30000}, unhandledPromptBehavior: dismiss and notify, webauthn:extension:credBlob: true, webauthn:extension:largeBlob: true, webauthn:extension:minPinLength: true, webauthn:extension:prf: true, webauthn:virtualAuthenticators: true}
Session ID: 5ee4c6bb4b880ba05b43ba21bb29f0ec
at java.base/jdk.internal.reflect.DirectConstructorHandleAccessor.newInstance(DirectConstructorHandleAccessor.java:67)
at java.base/java.lang.reflect.Constructor.newInstanceWithCaller(Constructor.java:500)
at java.base/java.lang.reflect.Constructor.newInstance(Constructor.java:484)
at org.openqa.selenium.remote.codec.w3c.W3CHttpResponseCodec.createException(W3CHttpResponseCodec.java:200)
at org.openqa.selenium.remote.codec.w3c.W3CHttpResponseCodec.decode(W3CHttpResponseCodec.java:133)
at org.openqa.selenium.remote.codec.w3c.W3CHttpResponseCodec.decode(W3CHttpResponseCodec.java:53)
at org.openqa.selenium.remote.HttpCommandExecutor.execute(HttpCommandExecutor.java:184)
at org.openqa.selenium.remote.service.DriverCommandExecutor.invokeExecute(DriverCommandExecutor.java:167)
at org.openqa.selenium.remote.service.DriverCommandExecutor.execute(DriverCommandExecutor.java:142)
at org.openqa.selenium.remote.RemoteWebDriver.execute(RemoteWebDriver.java:543)
at org.openqa.selenium.remote.ElementLocation$ElementFinder$2.findElement(ElementLocation.java:162)
at org.openqa.selenium.remote.ElementLocation.findElement(ElementLocation.java:60)
at org.openqa.selenium.remote.RemoteWebDriver.findElement(RemoteWebDriver.java:352)
at org.openqa.selenium.remote.RemoteWebDriver.findElement(RemoteWebDriver.java:344)
at com.csm.qa.test.LoginPageTest.Test29(LoginPageTest.java:6348)
at java.base/jdk.internal.reflect.DirectMethodHandleAccessor.invoke(DirectMethodHandleAccessor.java:104)
at java.base/java.lang.reflect.Method.invoke(Method.java:578)
at org.testng.internal.MethodInvocationHelper.invokeMethod(MethodInvocationHelper.java:133)
at org.testng.internal.TestInvoker.invokeMethod(TestInvoker.java:598)
at org.testng.internal.TestInvoker.invokeTestMethod(TestInvoker.java:173)
at org.testng.internal.MethodRunner.runInSequence(MethodRunner.java:46)
at org.testng.internal.TestInvoker$MethodInvocationAgent.invoke(TestInvoker.java:824)
at org.testng.internal.TestInvoker.invokeTestMethods(TestInvoker.java:146)
at org.testng.internal.TestMethodWorker.invokeTestMethods(TestMethodWorker.java:146)
at org.testng.internal.TestMethodWorker.run(TestMethodWorker.java:128)
at java.base/java.util.ArrayList.forEach(ArrayList.java:1511)
at org.testng.TestRunner.privateRun(TestRunner.java:794)
at org.testng.TestRunner.run(TestRunner.java:596)
at org.testng.SuiteRunner.runTest(SuiteRunner.java:377)
at org.testng.SuiteRunner.runSequentially(SuiteRunner.java:371)
at org.testng.SuiteRunner.privateRun(SuiteRunner.java:332)
at org.testng.SuiteRunner.run(SuiteRunner.java:276)
at org.testng.SuiteRunnerWorker.runSuite(SuiteRunnerWorker.java:53)
at org.testng.SuiteRunnerWorker.run(SuiteRunnerWorker.java:96)
at org.testng.TestNG.runSuitesSequentially(TestNG.java:1212)
at org.testng.TestNG.runSuitesLocally(TestNG.java:1134)
at org.testng.TestNG.runSuites(TestNG.java:1063)
at org.testng.TestNG.run(TestNG.java:1031)
at org.testng.remote.AbstractRemoteTestNG.run(AbstractRemoteTestNG.java:115)
at org.testng.remote.RemoteTestNG.initAndRun(RemoteTestNG.java:251)
at org.testng.remote.RemoteTestNG.main(RemoteTestNG.java:77)
]]>
    </failure>
  </testcase> <!-- Test29 -->
  <testcase classname="com.csm.qa.test.LoginPageTest" name="Test30" time="106.898"/>
</testsuite> <!-- Default test -->
